{"level":40,"time":1677747796256,"pid":15436,"hostname":"SOPINV-330","msg":"Method & route GET /infoX not implemented"}
{"level":40,"time":1677748615747,"pid":7636,"hostname":"SOPINV-330","msg":"Method & route GET /otro%20route not implemented"}
{"level":40,"time":1677749047923,"pid":7636,"hostname":"SOPINV-330","msg":"Method & route GET /index.html not implemented"}
{"level":40,"time":1677749055580,"pid":7636,"hostname":"SOPINV-330","msg":"Method & route GET /static/index.js not implemented"}
{"level":40,"time":1677749101438,"pid":7636,"hostname":"SOPINV-330","msg":"Method & route GET /static/index.js not implemented"}
{"level":40,"time":1677749104883,"pid":7636,"hostname":"SOPINV-330","msg":"Method & route GET /static/index.js not implemented"}
{"level":40,"time":1677749109105,"pid":7636,"hostname":"SOPINV-330","msg":"Method & route GET /static/index.js not implemented"}
{"level":40,"time":1677749114050,"pid":7636,"hostname":"SOPINV-330","msg":"Method & route GET /static/index.js not implemented"}
{"level":40,"time":1677749136223,"pid":7636,"hostname":"SOPINV-330","msg":"Method & route GET /static/index.html not implemented"}
{"level":40,"time":1677749142046,"pid":7636,"hostname":"SOPINV-330","msg":"Method & route GET /static/index.js not implemented"}
{"level":40,"time":1677749144998,"pid":7636,"hostname":"SOPINV-330","msg":"Method & route GET /static/index.js not implemented"}
{"level":40,"time":1677749146982,"pid":7636,"hostname":"SOPINV-330","msg":"Method & route GET /static/index.js not implemented"}
{"level":40,"time":1677797993301,"pid":22304,"hostname":"SOPINV-330","msg":"Method & route GET /json/version not implemented"}
{"level":40,"time":1677797993324,"pid":22304,"hostname":"SOPINV-330","msg":"Method & route GET /json not implemented"}
{"level":40,"time":1677797995319,"pid":22304,"hostname":"SOPINV-330","msg":"Method & route GET /json/version not implemented"}
{"level":40,"time":1677797995326,"pid":22304,"hostname":"SOPINV-330","msg":"Method & route GET /json not implemented"}
{"level":40,"time":1677797999651,"pid":22304,"hostname":"SOPINV-330","msg":"Method & route GET /json/version not implemented"}
{"level":40,"time":1677797999657,"pid":22304,"hostname":"SOPINV-330","msg":"Method & route GET /json not implemented"}
{"level":40,"time":1677798000641,"pid":22304,"hostname":"SOPINV-330","msg":"Method & route GET /json/version not implemented"}
{"level":40,"time":1677798000645,"pid":22304,"hostname":"SOPINV-330","msg":"Method & route GET /json not implemented"}
{"level":40,"time":1677798001658,"pid":22304,"hostname":"SOPINV-330","msg":"Method & route GET /json/version not implemented"}
{"level":40,"time":1677798001666,"pid":22304,"hostname":"SOPINV-330","msg":"Method & route GET /json not implemented"}
{"level":40,"time":1677798001673,"pid":22304,"hostname":"SOPINV-330","msg":"Method & route GET /json/version not implemented"}
{"level":40,"time":1677798001677,"pid":22304,"hostname":"SOPINV-330","msg":"Method & route GET /json not implemented"}
{"level":40,"time":1677798002673,"pid":22304,"hostname":"SOPINV-330","msg":"Method & route GET /json/version not implemented"}
{"level":40,"time":1677798002679,"pid":22304,"hostname":"SOPINV-330","msg":"Method & route GET /json/version not implemented"}
{"level":40,"time":1677798002685,"pid":22304,"hostname":"SOPINV-330","msg":"Method & route GET /json not implemented"}
{"level":40,"time":1677798002691,"pid":22304,"hostname":"SOPINV-330","msg":"Method & route GET /json not implemented"}
{"level":40,"time":1677798003711,"pid":22304,"hostname":"SOPINV-330","msg":"Method & route GET /json/version not implemented"}
{"level":40,"time":1677798003720,"pid":22304,"hostname":"SOPINV-330","msg":"Method & route GET /json not implemented"}
{"level":40,"time":1677798004732,"pid":22304,"hostname":"SOPINV-330","msg":"Method & route GET /json/version not implemented"}
{"level":40,"time":1677798004736,"pid":22304,"hostname":"SOPINV-330","msg":"Method & route GET /json not implemented"}
{"level":40,"time":1677798005744,"pid":22304,"hostname":"SOPINV-330","msg":"Method & route GET /json/version not implemented"}
{"level":40,"time":1677798005747,"pid":22304,"hostname":"SOPINV-330","msg":"Method & route GET /json/version not implemented"}
{"level":40,"time":1677798005758,"pid":22304,"hostname":"SOPINV-330","msg":"Method & route GET /json not implemented"}
{"level":40,"time":1677798005754,"pid":22304,"hostname":"SOPINV-330","msg":"Method & route GET /json not implemented"}
{"level":40,"time":1677798006766,"pid":22304,"hostname":"SOPINV-330","msg":"Method & route GET /json/version not implemented"}
{"level":40,"time":1677798006769,"pid":22304,"hostname":"SOPINV-330","msg":"Method & route GET /json not implemented"}
{"level":40,"time":1677798007785,"pid":22304,"hostname":"SOPINV-330","msg":"Method & route GET /json/version not implemented"}
{"level":40,"time":1677798007788,"pid":22304,"hostname":"SOPINV-330","msg":"Method & route GET /json not implemented"}
{"level":40,"time":1677798008797,"pid":22304,"hostname":"SOPINV-330","msg":"Method & route GET /json/version not implemented"}
{"level":40,"time":1677798008799,"pid":22304,"hostname":"SOPINV-330","msg":"Method & route GET /json not implemented"}
{"level":40,"time":1677798008805,"pid":22304,"hostname":"SOPINV-330","msg":"Method & route GET /json/version not implemented"}
{"level":40,"time":1677798008808,"pid":22304,"hostname":"SOPINV-330","msg":"Method & route GET /json not implemented"}
{"level":40,"time":1677798009804,"pid":22304,"hostname":"SOPINV-330","msg":"Method & route GET /json/version not implemented"}
{"level":40,"time":1677798009807,"pid":22304,"hostname":"SOPINV-330","msg":"Method & route GET /json not implemented"}
{"level":40,"time":1677798010818,"pid":22304,"hostname":"SOPINV-330","msg":"Method & route GET /json/version not implemented"}
{"level":40,"time":1677798010821,"pid":22304,"hostname":"SOPINV-330","msg":"Method & route GET /json not implemented"}
{"level":40,"time":1677798011826,"pid":22304,"hostname":"SOPINV-330","msg":"Method & route GET /json/version not implemented"}
{"level":40,"time":1677798011828,"pid":22304,"hostname":"SOPINV-330","msg":"Method & route GET /json not implemented"}
{"level":40,"time":1677798011872,"pid":22304,"hostname":"SOPINV-330","msg":"Method & route GET /json/version not implemented"}
{"level":40,"time":1677798011876,"pid":22304,"hostname":"SOPINV-330","msg":"Method & route GET /json not implemented"}
{"level":40,"time":1677798012849,"pid":22304,"hostname":"SOPINV-330","msg":"Method & route GET /json/version not implemented"}
{"level":40,"time":1677798012859,"pid":22304,"hostname":"SOPINV-330","msg":"Method & route GET /json not implemented"}
{"level":40,"time":1677798013873,"pid":22304,"hostname":"SOPINV-330","msg":"Method & route GET /json/version not implemented"}
{"level":40,"time":1677798013878,"pid":22304,"hostname":"SOPINV-330","msg":"Method & route GET /json not implemented"}
{"level":40,"time":1677798014885,"pid":22304,"hostname":"SOPINV-330","msg":"Method & route GET /json/version not implemented"}
{"level":40,"time":1677798014887,"pid":22304,"hostname":"SOPINV-330","msg":"Method & route GET /json not implemented"}
{"level":40,"time":1677798014929,"pid":22304,"hostname":"SOPINV-330","msg":"Method & route GET /json/version not implemented"}
{"level":40,"time":1677798014931,"pid":22304,"hostname":"SOPINV-330","msg":"Method & route GET /json not implemented"}
{"level":40,"time":1677798015892,"pid":22304,"hostname":"SOPINV-330","msg":"Method & route GET /json/version not implemented"}
{"level":40,"time":1677798015895,"pid":22304,"hostname":"SOPINV-330","msg":"Method & route GET /json not implemented"}
{"level":40,"time":1677798016905,"pid":22304,"hostname":"SOPINV-330","msg":"Method & route GET /json/version not implemented"}
{"level":40,"time":1677798016908,"pid":22304,"hostname":"SOPINV-330","msg":"Method & route GET /json not implemented"}
{"level":40,"time":1677798017919,"pid":22304,"hostname":"SOPINV-330","msg":"Method & route GET /json/version not implemented"}
{"level":40,"time":1677798017924,"pid":22304,"hostname":"SOPINV-330","msg":"Method & route GET /json not implemented"}
{"level":40,"time":1677798017978,"pid":22304,"hostname":"SOPINV-330","msg":"Method & route GET /json/version not implemented"}
{"level":40,"time":1677798017981,"pid":22304,"hostname":"SOPINV-330","msg":"Method & route GET /json not implemented"}
{"level":40,"time":1677798018931,"pid":22304,"hostname":"SOPINV-330","msg":"Method & route GET /json/version not implemented"}
{"level":40,"time":1677798018934,"pid":22304,"hostname":"SOPINV-330","msg":"Method & route GET /json not implemented"}
{"level":40,"time":1677798019942,"pid":22304,"hostname":"SOPINV-330","msg":"Method & route GET /json/version not implemented"}
{"level":40,"time":1677798019947,"pid":22304,"hostname":"SOPINV-330","msg":"Method & route GET /json not implemented"}
{"level":40,"time":1677798020955,"pid":22304,"hostname":"SOPINV-330","msg":"Method & route GET /json/version not implemented"}
{"level":40,"time":1677798020958,"pid":22304,"hostname":"SOPINV-330","msg":"Method & route GET /json not implemented"}
{"level":40,"time":1677798021036,"pid":22304,"hostname":"SOPINV-330","msg":"Method & route GET /json/version not implemented"}
{"level":40,"time":1677798021041,"pid":22304,"hostname":"SOPINV-330","msg":"Method & route GET /json not implemented"}
{"level":40,"time":1677798021970,"pid":22304,"hostname":"SOPINV-330","msg":"Method & route GET /json/version not implemented"}
{"level":40,"time":1677798021973,"pid":22304,"hostname":"SOPINV-330","msg":"Method & route GET /json not implemented"}
{"level":40,"time":1677798022981,"pid":22304,"hostname":"SOPINV-330","msg":"Method & route GET /json/version not implemented"}
{"level":40,"time":1677798022985,"pid":22304,"hostname":"SOPINV-330","msg":"Method & route GET /json not implemented"}
{"level":40,"time":1677798024000,"pid":22304,"hostname":"SOPINV-330","msg":"Method & route GET /json/version not implemented"}
{"level":40,"time":1677798024003,"pid":22304,"hostname":"SOPINV-330","msg":"Method & route GET /json not implemented"}
{"level":40,"time":1677798024095,"pid":22304,"hostname":"SOPINV-330","msg":"Method & route GET /json/version not implemented"}
{"level":40,"time":1677798024101,"pid":22304,"hostname":"SOPINV-330","msg":"Method & route GET /json not implemented"}
{"level":40,"time":1677798025013,"pid":22304,"hostname":"SOPINV-330","msg":"Method & route GET /json/version not implemented"}
{"level":40,"time":1677798025017,"pid":22304,"hostname":"SOPINV-330","msg":"Method & route GET /json not implemented"}
{"level":40,"time":1677798026034,"pid":22304,"hostname":"SOPINV-330","msg":"Method & route GET /json/version not implemented"}
{"level":40,"time":1677798026038,"pid":22304,"hostname":"SOPINV-330","msg":"Method & route GET /json not implemented"}
{"level":40,"time":1677798027053,"pid":22304,"hostname":"SOPINV-330","msg":"Method & route GET /json/version not implemented"}
{"level":40,"time":1677798027058,"pid":22304,"hostname":"SOPINV-330","msg":"Method & route GET /json not implemented"}
{"level":40,"time":1677798027130,"pid":22304,"hostname":"SOPINV-330","msg":"Method & route GET /json/version not implemented"}
{"level":40,"time":1677798027133,"pid":22304,"hostname":"SOPINV-330","msg":"Method & route GET /json not implemented"}
{"level":40,"time":1677798028066,"pid":22304,"hostname":"SOPINV-330","msg":"Method & route GET /json/version not implemented"}
{"level":40,"time":1677798028070,"pid":22304,"hostname":"SOPINV-330","msg":"Method & route GET /json not implemented"}
{"level":40,"time":1677798029080,"pid":22304,"hostname":"SOPINV-330","msg":"Method & route GET /json/version not implemented"}
{"level":40,"time":1677798029084,"pid":22304,"hostname":"SOPINV-330","msg":"Method & route GET /json not implemented"}
{"level":40,"time":1677798030095,"pid":22304,"hostname":"SOPINV-330","msg":"Method & route GET /json/version not implemented"}
{"level":40,"time":1677798030099,"pid":22304,"hostname":"SOPINV-330","msg":"Method & route GET /json not implemented"}
{"level":40,"time":1677798030172,"pid":22304,"hostname":"SOPINV-330","msg":"Method & route GET /json/version not implemented"}
{"level":40,"time":1677798030175,"pid":22304,"hostname":"SOPINV-330","msg":"Method & route GET /json not implemented"}
{"level":40,"time":1677798031107,"pid":22304,"hostname":"SOPINV-330","msg":"Method & route GET /json/version not implemented"}
{"level":40,"time":1677798031110,"pid":22304,"hostname":"SOPINV-330","msg":"Method & route GET /json not implemented"}
{"level":40,"time":1677798032121,"pid":22304,"hostname":"SOPINV-330","msg":"Method & route GET /json/version not implemented"}
{"level":40,"time":1677798032126,"pid":22304,"hostname":"SOPINV-330","msg":"Method & route GET /json not implemented"}
{"level":40,"time":1677798033140,"pid":22304,"hostname":"SOPINV-330","msg":"Method & route GET /json/version not implemented"}
{"level":40,"time":1677798033144,"pid":22304,"hostname":"SOPINV-330","msg":"Method & route GET /json not implemented"}
{"level":40,"time":1677798033202,"pid":22304,"hostname":"SOPINV-330","msg":"Method & route GET /json/version not implemented"}
{"level":40,"time":1677798033206,"pid":22304,"hostname":"SOPINV-330","msg":"Method & route GET /json not implemented"}
{"level":40,"time":1677798034159,"pid":22304,"hostname":"SOPINV-330","msg":"Method & route GET /json/version not implemented"}
{"level":40,"time":1677798034161,"pid":22304,"hostname":"SOPINV-330","msg":"Method & route GET /json not implemented"}
{"level":40,"time":1677798035180,"pid":22304,"hostname":"SOPINV-330","msg":"Method & route GET /json/version not implemented"}
{"level":40,"time":1677798035183,"pid":22304,"hostname":"SOPINV-330","msg":"Method & route GET /json not implemented"}
{"level":40,"time":1677798036190,"pid":22304,"hostname":"SOPINV-330","msg":"Method & route GET /json/version not implemented"}
{"level":40,"time":1677798036193,"pid":22304,"hostname":"SOPINV-330","msg":"Method & route GET /json not implemented"}
{"level":40,"time":1677798036234,"pid":22304,"hostname":"SOPINV-330","msg":"Method & route GET /json/version not implemented"}
{"level":40,"time":1677798036238,"pid":22304,"hostname":"SOPINV-330","msg":"Method & route GET /json not implemented"}
{"level":40,"time":1677798037205,"pid":22304,"hostname":"SOPINV-330","msg":"Method & route GET /json/version not implemented"}
{"level":40,"time":1677798037208,"pid":22304,"hostname":"SOPINV-330","msg":"Method & route GET /json not implemented"}
{"level":40,"time":1677798038215,"pid":22304,"hostname":"SOPINV-330","msg":"Method & route GET /json/version not implemented"}
{"level":40,"time":1677798038220,"pid":22304,"hostname":"SOPINV-330","msg":"Method & route GET /json not implemented"}
{"level":40,"time":1677798039229,"pid":22304,"hostname":"SOPINV-330","msg":"Method & route GET /json/version not implemented"}
{"level":40,"time":1677798039232,"pid":22304,"hostname":"SOPINV-330","msg":"Method & route GET /json not implemented"}
{"level":40,"time":1677798039291,"pid":22304,"hostname":"SOPINV-330","msg":"Method & route GET /json/version not implemented"}
{"level":40,"time":1677798039294,"pid":22304,"hostname":"SOPINV-330","msg":"Method & route GET /json not implemented"}
{"level":40,"time":1677798040243,"pid":22304,"hostname":"SOPINV-330","msg":"Method & route GET /json/version not implemented"}
{"level":40,"time":1677798040245,"pid":22304,"hostname":"SOPINV-330","msg":"Method & route GET /json not implemented"}
{"level":40,"time":1677798041264,"pid":22304,"hostname":"SOPINV-330","msg":"Method & route GET /json/version not implemented"}
{"level":40,"time":1677798041270,"pid":22304,"hostname":"SOPINV-330","msg":"Method & route GET /json not implemented"}
{"level":40,"time":1677798042274,"pid":22304,"hostname":"SOPINV-330","msg":"Method & route GET /json/version not implemented"}
{"level":40,"time":1677798042278,"pid":22304,"hostname":"SOPINV-330","msg":"Method & route GET /json not implemented"}
{"level":40,"time":1677798042352,"pid":22304,"hostname":"SOPINV-330","msg":"Method & route GET /json/version not implemented"}
{"level":40,"time":1677798042355,"pid":22304,"hostname":"SOPINV-330","msg":"Method & route GET /json not implemented"}
{"level":40,"time":1677798043292,"pid":22304,"hostname":"SOPINV-330","msg":"Method & route GET /json/version not implemented"}
{"level":40,"time":1677798043295,"pid":22304,"hostname":"SOPINV-330","msg":"Method & route GET /json not implemented"}
{"level":40,"time":1677798044302,"pid":22304,"hostname":"SOPINV-330","msg":"Method & route GET /json/version not implemented"}
{"level":40,"time":1677798044306,"pid":22304,"hostname":"SOPINV-330","msg":"Method & route GET /json not implemented"}
{"level":40,"time":1677798045319,"pid":22304,"hostname":"SOPINV-330","msg":"Method & route GET /json/version not implemented"}
{"level":40,"time":1677798045322,"pid":22304,"hostname":"SOPINV-330","msg":"Method & route GET /json not implemented"}
{"level":40,"time":1677798045386,"pid":22304,"hostname":"SOPINV-330","msg":"Method & route GET /json/version not implemented"}
{"level":40,"time":1677798045390,"pid":22304,"hostname":"SOPINV-330","msg":"Method & route GET /json not implemented"}
{"level":40,"time":1677798046335,"pid":22304,"hostname":"SOPINV-330","msg":"Method & route GET /json/version not implemented"}
{"level":40,"time":1677798046338,"pid":22304,"hostname":"SOPINV-330","msg":"Method & route GET /json not implemented"}
{"level":40,"time":1677798120477,"pid":20348,"hostname":"SOPINV-330","msg":"Method & route GET /favicon.ico not implemented"}
{"level":40,"time":1677798458728,"pid":20588,"hostname":"SOPINV-330","msg":"Method & route GET /json/version not implemented"}
{"level":40,"time":1677798458740,"pid":20588,"hostname":"SOPINV-330","msg":"Method & route GET /json not implemented"}
{"level":40,"time":1677798459748,"pid":20588,"hostname":"SOPINV-330","msg":"Method & route GET /json/version not implemented"}
{"level":40,"time":1677798459751,"pid":20588,"hostname":"SOPINV-330","msg":"Method & route GET /json not implemented"}
{"level":40,"time":1677798460740,"pid":20588,"hostname":"SOPINV-330","msg":"Method & route GET /json/version not implemented"}
{"level":40,"time":1677798460743,"pid":20588,"hostname":"SOPINV-330","msg":"Method & route GET /json not implemented"}
{"level":40,"time":1677798460757,"pid":20588,"hostname":"SOPINV-330","msg":"Method & route GET /json/version not implemented"}
{"level":40,"time":1677798460761,"pid":20588,"hostname":"SOPINV-330","msg":"Method & route GET /json not implemented"}
{"level":40,"time":1677798461778,"pid":20588,"hostname":"SOPINV-330","msg":"Method & route GET /json/version not implemented"}
{"level":40,"time":1677798461785,"pid":20588,"hostname":"SOPINV-330","msg":"Method & route GET /json not implemented"}
{"level":40,"time":1677798462793,"pid":20588,"hostname":"SOPINV-330","msg":"Method & route GET /json/version not implemented"}
{"level":40,"time":1677798462797,"pid":20588,"hostname":"SOPINV-330","msg":"Method & route GET /json not implemented"}
{"level":40,"time":1677798463793,"pid":20588,"hostname":"SOPINV-330","msg":"Method & route GET /json/version not implemented"}
{"level":40,"time":1677798463798,"pid":20588,"hostname":"SOPINV-330","msg":"Method & route GET /json not implemented"}
{"level":40,"time":1677798463801,"pid":20588,"hostname":"SOPINV-330","msg":"Method & route GET /json/version not implemented"}
{"level":40,"time":1677798463804,"pid":20588,"hostname":"SOPINV-330","msg":"Method & route GET /json not implemented"}
{"level":40,"time":1677798464820,"pid":20588,"hostname":"SOPINV-330","msg":"Method & route GET /json/version not implemented"}
{"level":40,"time":1677798464823,"pid":20588,"hostname":"SOPINV-330","msg":"Method & route GET /json not implemented"}
{"level":40,"time":1677798465834,"pid":20588,"hostname":"SOPINV-330","msg":"Method & route GET /json/version not implemented"}
{"level":40,"time":1677798465838,"pid":20588,"hostname":"SOPINV-330","msg":"Method & route GET /json not implemented"}
{"level":40,"time":1677798466843,"pid":20588,"hostname":"SOPINV-330","msg":"Method & route GET /json/version not implemented"}
{"level":40,"time":1677798466847,"pid":20588,"hostname":"SOPINV-330","msg":"Method & route GET /json not implemented"}
{"level":40,"time":1677798466850,"pid":20588,"hostname":"SOPINV-330","msg":"Method & route GET /json/version not implemented"}
{"level":40,"time":1677798466854,"pid":20588,"hostname":"SOPINV-330","msg":"Method & route GET /json not implemented"}
{"level":40,"time":1677798467863,"pid":20588,"hostname":"SOPINV-330","msg":"Method & route GET /json/version not implemented"}
{"level":40,"time":1677798467867,"pid":20588,"hostname":"SOPINV-330","msg":"Method & route GET /json not implemented"}
{"level":40,"time":1677798468875,"pid":20588,"hostname":"SOPINV-330","msg":"Method & route GET /json/version not implemented"}
{"level":40,"time":1677798468878,"pid":20588,"hostname":"SOPINV-330","msg":"Method & route GET /json not implemented"}
{"level":40,"time":1677798469884,"pid":20588,"hostname":"SOPINV-330","msg":"Method & route GET /json/version not implemented"}
{"level":40,"time":1677798469888,"pid":20588,"hostname":"SOPINV-330","msg":"Method & route GET /json/version not implemented"}
{"level":40,"time":1677798469890,"pid":20588,"hostname":"SOPINV-330","msg":"Method & route GET /json not implemented"}
{"level":40,"time":1677798469893,"pid":20588,"hostname":"SOPINV-330","msg":"Method & route GET /json not implemented"}
{"level":40,"time":1677798470906,"pid":20588,"hostname":"SOPINV-330","msg":"Method & route GET /json/version not implemented"}
{"level":40,"time":1677798470908,"pid":20588,"hostname":"SOPINV-330","msg":"Method & route GET /json not implemented"}
{"level":40,"time":1677798471924,"pid":20588,"hostname":"SOPINV-330","msg":"Method & route GET /json/version not implemented"}
{"level":40,"time":1677798471927,"pid":20588,"hostname":"SOPINV-330","msg":"Method & route GET /json not implemented"}
{"level":40,"time":1677798472935,"pid":20588,"hostname":"SOPINV-330","msg":"Method & route GET /json/version not implemented"}
{"level":40,"time":1677798472938,"pid":20588,"hostname":"SOPINV-330","msg":"Method & route GET /json/version not implemented"}
{"level":40,"time":1677798472941,"pid":20588,"hostname":"SOPINV-330","msg":"Method & route GET /json not implemented"}
{"level":40,"time":1677798472944,"pid":20588,"hostname":"SOPINV-330","msg":"Method & route GET /json not implemented"}
{"level":40,"time":1677798473949,"pid":20588,"hostname":"SOPINV-330","msg":"Method & route GET /json/version not implemented"}
{"level":40,"time":1677798473952,"pid":20588,"hostname":"SOPINV-330","msg":"Method & route GET /json not implemented"}
{"level":40,"time":1677798474962,"pid":20588,"hostname":"SOPINV-330","msg":"Method & route GET /json/version not implemented"}
{"level":40,"time":1677798474966,"pid":20588,"hostname":"SOPINV-330","msg":"Method & route GET /json not implemented"}
{"level":40,"time":1677798475974,"pid":20588,"hostname":"SOPINV-330","msg":"Method & route GET /json/version not implemented"}
{"level":40,"time":1677798475978,"pid":20588,"hostname":"SOPINV-330","msg":"Method & route GET /json not implemented"}
{"level":40,"time":1677798475991,"pid":20588,"hostname":"SOPINV-330","msg":"Method & route GET /json/version not implemented"}
{"level":40,"time":1677798475993,"pid":20588,"hostname":"SOPINV-330","msg":"Method & route GET /json not implemented"}
{"level":40,"time":1677798476991,"pid":20588,"hostname":"SOPINV-330","msg":"Method & route GET /json/version not implemented"}
{"level":40,"time":1677798476993,"pid":20588,"hostname":"SOPINV-330","msg":"Method & route GET /json not implemented"}
{"level":40,"time":1677798478009,"pid":20588,"hostname":"SOPINV-330","msg":"Method & route GET /json/version not implemented"}
{"level":40,"time":1677798478013,"pid":20588,"hostname":"SOPINV-330","msg":"Method & route GET /json not implemented"}
{"level":40,"time":1677798479021,"pid":20588,"hostname":"SOPINV-330","msg":"Method & route GET /json/version not implemented"}
{"level":40,"time":1677798479025,"pid":20588,"hostname":"SOPINV-330","msg":"Method & route GET /json not implemented"}
{"level":40,"time":1677798479040,"pid":20588,"hostname":"SOPINV-330","msg":"Method & route GET /json/version not implemented"}
{"level":40,"time":1677798479042,"pid":20588,"hostname":"SOPINV-330","msg":"Method & route GET /json not implemented"}
{"level":40,"time":1677798480031,"pid":20588,"hostname":"SOPINV-330","msg":"Method & route GET /json/version not implemented"}
{"level":40,"time":1677798480034,"pid":20588,"hostname":"SOPINV-330","msg":"Method & route GET /json not implemented"}
{"level":40,"time":1677798481042,"pid":20588,"hostname":"SOPINV-330","msg":"Method & route GET /json/version not implemented"}
{"level":40,"time":1677798481044,"pid":20588,"hostname":"SOPINV-330","msg":"Method & route GET /json not implemented"}
{"level":40,"time":1677798482061,"pid":20588,"hostname":"SOPINV-330","msg":"Method & route GET /json/version not implemented"}
{"level":40,"time":1677798482065,"pid":20588,"hostname":"SOPINV-330","msg":"Method & route GET /json not implemented"}
{"level":40,"time":1677798482103,"pid":20588,"hostname":"SOPINV-330","msg":"Method & route GET /json/version not implemented"}
{"level":40,"time":1677798482108,"pid":20588,"hostname":"SOPINV-330","msg":"Method & route GET /json not implemented"}
{"level":40,"time":1677798483075,"pid":20588,"hostname":"SOPINV-330","msg":"Method & route GET /json/version not implemented"}
{"level":40,"time":1677798483078,"pid":20588,"hostname":"SOPINV-330","msg":"Method & route GET /json not implemented"}
{"level":40,"time":1677798484084,"pid":20588,"hostname":"SOPINV-330","msg":"Method & route GET /json/version not implemented"}
{"level":40,"time":1677798484086,"pid":20588,"hostname":"SOPINV-330","msg":"Method & route GET /json not implemented"}
{"level":40,"time":1677798485092,"pid":20588,"hostname":"SOPINV-330","msg":"Method & route GET /json/version not implemented"}
{"level":40,"time":1677798485096,"pid":20588,"hostname":"SOPINV-330","msg":"Method & route GET /json not implemented"}
{"level":40,"time":1677798485146,"pid":20588,"hostname":"SOPINV-330","msg":"Method & route GET /json/version not implemented"}
{"level":40,"time":1677798485149,"pid":20588,"hostname":"SOPINV-330","msg":"Method & route GET /json not implemented"}
{"level":40,"time":1677798486111,"pid":20588,"hostname":"SOPINV-330","msg":"Method & route GET /json/version not implemented"}
{"level":40,"time":1677798486115,"pid":20588,"hostname":"SOPINV-330","msg":"Method & route GET /json not implemented"}
{"level":40,"time":1677798487127,"pid":20588,"hostname":"SOPINV-330","msg":"Method & route GET /json/version not implemented"}
{"level":40,"time":1677798487130,"pid":20588,"hostname":"SOPINV-330","msg":"Method & route GET /json not implemented"}
{"level":40,"time":1677798488140,"pid":20588,"hostname":"SOPINV-330","msg":"Method & route GET /json/version not implemented"}
{"level":40,"time":1677798488142,"pid":20588,"hostname":"SOPINV-330","msg":"Method & route GET /json not implemented"}
{"level":40,"time":1677798488205,"pid":20588,"hostname":"SOPINV-330","msg":"Method & route GET /json/version not implemented"}
{"level":40,"time":1677798488208,"pid":20588,"hostname":"SOPINV-330","msg":"Method & route GET /json not implemented"}
{"level":40,"time":1677798489155,"pid":20588,"hostname":"SOPINV-330","msg":"Method & route GET /json/version not implemented"}
{"level":40,"time":1677798489158,"pid":20588,"hostname":"SOPINV-330","msg":"Method & route GET /json not implemented"}
{"level":40,"time":1677798490165,"pid":20588,"hostname":"SOPINV-330","msg":"Method & route GET /json/version not implemented"}
{"level":40,"time":1677798490167,"pid":20588,"hostname":"SOPINV-330","msg":"Method & route GET /json not implemented"}
{"level":40,"time":1677798491172,"pid":20588,"hostname":"SOPINV-330","msg":"Method & route GET /json/version not implemented"}
{"level":40,"time":1677798491175,"pid":20588,"hostname":"SOPINV-330","msg":"Method & route GET /json not implemented"}
{"level":40,"time":1677798491243,"pid":20588,"hostname":"SOPINV-330","msg":"Method & route GET /json/version not implemented"}
{"level":40,"time":1677798491246,"pid":20588,"hostname":"SOPINV-330","msg":"Method & route GET /json not implemented"}
{"level":40,"time":1677798492181,"pid":20588,"hostname":"SOPINV-330","msg":"Method & route GET /json/version not implemented"}
{"level":40,"time":1677798492183,"pid":20588,"hostname":"SOPINV-330","msg":"Method & route GET /json not implemented"}
{"level":40,"time":1677798493190,"pid":20588,"hostname":"SOPINV-330","msg":"Method & route GET /json/version not implemented"}
{"level":40,"time":1677798493192,"pid":20588,"hostname":"SOPINV-330","msg":"Method & route GET /json not implemented"}
{"level":40,"time":1677798494207,"pid":20588,"hostname":"SOPINV-330","msg":"Method & route GET /json/version not implemented"}
{"level":40,"time":1677798494210,"pid":20588,"hostname":"SOPINV-330","msg":"Method & route GET /json not implemented"}
{"level":40,"time":1677798494306,"pid":20588,"hostname":"SOPINV-330","msg":"Method & route GET /json/version not implemented"}
{"level":40,"time":1677798494309,"pid":20588,"hostname":"SOPINV-330","msg":"Method & route GET /json not implemented"}
{"level":40,"time":1677798495224,"pid":20588,"hostname":"SOPINV-330","msg":"Method & route GET /json/version not implemented"}
{"level":40,"time":1677798495227,"pid":20588,"hostname":"SOPINV-330","msg":"Method & route GET /json not implemented"}
{"level":40,"time":1677798496237,"pid":20588,"hostname":"SOPINV-330","msg":"Method & route GET /json/version not implemented"}
{"level":40,"time":1677798496240,"pid":20588,"hostname":"SOPINV-330","msg":"Method & route GET /json not implemented"}
{"level":40,"time":1677798497257,"pid":20588,"hostname":"SOPINV-330","msg":"Method & route GET /json/version not implemented"}
{"level":40,"time":1677798497260,"pid":20588,"hostname":"SOPINV-330","msg":"Method & route GET /json not implemented"}
{"level":40,"time":1677798497347,"pid":20588,"hostname":"SOPINV-330","msg":"Method & route GET /json/version not implemented"}
{"level":40,"time":1677798497350,"pid":20588,"hostname":"SOPINV-330","msg":"Method & route GET /json not implemented"}
{"level":40,"time":1677798498275,"pid":20588,"hostname":"SOPINV-330","msg":"Method & route GET /json/version not implemented"}
{"level":40,"time":1677798498279,"pid":20588,"hostname":"SOPINV-330","msg":"Method & route GET /json not implemented"}
{"level":40,"time":1677798499285,"pid":20588,"hostname":"SOPINV-330","msg":"Method & route GET /json/version not implemented"}
{"level":40,"time":1677798499289,"pid":20588,"hostname":"SOPINV-330","msg":"Method & route GET /json not implemented"}
{"level":40,"time":1677798500304,"pid":20588,"hostname":"SOPINV-330","msg":"Method & route GET /json/version not implemented"}
{"level":40,"time":1677798500307,"pid":20588,"hostname":"SOPINV-330","msg":"Method & route GET /json not implemented"}
{"level":40,"time":1677798500397,"pid":20588,"hostname":"SOPINV-330","msg":"Method & route GET /json/version not implemented"}
{"level":40,"time":1677798500402,"pid":20588,"hostname":"SOPINV-330","msg":"Method & route GET /json not implemented"}
{"level":40,"time":1677798501320,"pid":20588,"hostname":"SOPINV-330","msg":"Method & route GET /json/version not implemented"}
{"level":40,"time":1677798501324,"pid":20588,"hostname":"SOPINV-330","msg":"Method & route GET /json not implemented"}
{"level":40,"time":1677798502333,"pid":20588,"hostname":"SOPINV-330","msg":"Method & route GET /json/version not implemented"}
{"level":40,"time":1677798502337,"pid":20588,"hostname":"SOPINV-330","msg":"Method & route GET /json not implemented"}
{"level":40,"time":1677798503349,"pid":20588,"hostname":"SOPINV-330","msg":"Method & route GET /json/version not implemented"}
{"level":40,"time":1677798503354,"pid":20588,"hostname":"SOPINV-330","msg":"Method & route GET /json not implemented"}
{"level":40,"time":1677798503455,"pid":20588,"hostname":"SOPINV-330","msg":"Method & route GET /json/version not implemented"}
{"level":40,"time":1677798503458,"pid":20588,"hostname":"SOPINV-330","msg":"Method & route GET /json not implemented"}
{"level":40,"time":1677798504360,"pid":20588,"hostname":"SOPINV-330","msg":"Method & route GET /json/version not implemented"}
{"level":40,"time":1677798504363,"pid":20588,"hostname":"SOPINV-330","msg":"Method & route GET /json not implemented"}
{"level":40,"time":1677798505377,"pid":20588,"hostname":"SOPINV-330","msg":"Method & route GET /json/version not implemented"}
{"level":40,"time":1677798505381,"pid":20588,"hostname":"SOPINV-330","msg":"Method & route GET /json not implemented"}
{"level":40,"time":1677798506394,"pid":20588,"hostname":"SOPINV-330","msg":"Method & route GET /json/version not implemented"}
{"level":40,"time":1677798506397,"pid":20588,"hostname":"SOPINV-330","msg":"Method & route GET /json not implemented"}
{"level":40,"time":1677798506506,"pid":20588,"hostname":"SOPINV-330","msg":"Method & route GET /json/version not implemented"}
{"level":40,"time":1677798506509,"pid":20588,"hostname":"SOPINV-330","msg":"Method & route GET /json not implemented"}
{"level":40,"time":1677798507405,"pid":20588,"hostname":"SOPINV-330","msg":"Method & route GET /json/version not implemented"}
{"level":40,"time":1677798507409,"pid":20588,"hostname":"SOPINV-330","msg":"Method & route GET /json not implemented"}
{"level":40,"time":1677798508414,"pid":20588,"hostname":"SOPINV-330","msg":"Method & route GET /json/version not implemented"}
{"level":40,"time":1677798508416,"pid":20588,"hostname":"SOPINV-330","msg":"Method & route GET /json not implemented"}
{"level":40,"time":1677798509423,"pid":20588,"hostname":"SOPINV-330","msg":"Method & route GET /json/version not implemented"}
{"level":40,"time":1677798509426,"pid":20588,"hostname":"SOPINV-330","msg":"Method & route GET /json not implemented"}
{"level":40,"time":1677798509562,"pid":20588,"hostname":"SOPINV-330","msg":"Method & route GET /json/version not implemented"}
{"level":40,"time":1677798509565,"pid":20588,"hostname":"SOPINV-330","msg":"Method & route GET /json not implemented"}
{"level":40,"time":1677798510441,"pid":20588,"hostname":"SOPINV-330","msg":"Method & route GET /json/version not implemented"}
{"level":40,"time":1677798510444,"pid":20588,"hostname":"SOPINV-330","msg":"Method & route GET /json not implemented"}
{"level":40,"time":1677798511451,"pid":20588,"hostname":"SOPINV-330","msg":"Method & route GET /json/version not implemented"}
{"level":40,"time":1677798511456,"pid":20588,"hostname":"SOPINV-330","msg":"Method & route GET /json not implemented"}
{"level":40,"time":1677798512464,"pid":20588,"hostname":"SOPINV-330","msg":"Method & route GET /json/version not implemented"}
{"level":40,"time":1677798512467,"pid":20588,"hostname":"SOPINV-330","msg":"Method & route GET /json not implemented"}
{"level":40,"time":1677798512625,"pid":20588,"hostname":"SOPINV-330","msg":"Method & route GET /json/version not implemented"}
{"level":40,"time":1677798512630,"pid":20588,"hostname":"SOPINV-330","msg":"Method & route GET /json not implemented"}
{"level":40,"time":1677798513474,"pid":20588,"hostname":"SOPINV-330","msg":"Method & route GET /json/version not implemented"}
{"level":40,"time":1677798513476,"pid":20588,"hostname":"SOPINV-330","msg":"Method & route GET /json not implemented"}
{"level":40,"time":1677798514492,"pid":20588,"hostname":"SOPINV-330","msg":"Method & route GET /json/version not implemented"}
{"level":40,"time":1677798514497,"pid":20588,"hostname":"SOPINV-330","msg":"Method & route GET /json not implemented"}
{"level":40,"time":1677798515504,"pid":20588,"hostname":"SOPINV-330","msg":"Method & route GET /json/version not implemented"}
{"level":40,"time":1677798515509,"pid":20588,"hostname":"SOPINV-330","msg":"Method & route GET /json not implemented"}
{"level":40,"time":1677798515691,"pid":20588,"hostname":"SOPINV-330","msg":"Method & route GET /json/version not implemented"}
{"level":40,"time":1677798515694,"pid":20588,"hostname":"SOPINV-330","msg":"Method & route GET /json not implemented"}
{"level":40,"time":1677798516514,"pid":20588,"hostname":"SOPINV-330","msg":"Method & route GET /json/version not implemented"}
{"level":40,"time":1677798516517,"pid":20588,"hostname":"SOPINV-330","msg":"Method & route GET /json not implemented"}
{"level":40,"time":1677798517530,"pid":20588,"hostname":"SOPINV-330","msg":"Method & route GET /json/version not implemented"}
{"level":40,"time":1677798517537,"pid":20588,"hostname":"SOPINV-330","msg":"Method & route GET /json not implemented"}
{"level":40,"time":1677798518548,"pid":20588,"hostname":"SOPINV-330","msg":"Method & route GET /json/version not implemented"}
{"level":40,"time":1677798518552,"pid":20588,"hostname":"SOPINV-330","msg":"Method & route GET /json not implemented"}
{"level":40,"time":1677798518749,"pid":20588,"hostname":"SOPINV-330","msg":"Method & route GET /json/version not implemented"}
{"level":40,"time":1677798518752,"pid":20588,"hostname":"SOPINV-330","msg":"Method & route GET /json not implemented"}
{"level":40,"time":1677798519562,"pid":20588,"hostname":"SOPINV-330","msg":"Method & route GET /json/version not implemented"}
{"level":40,"time":1677798519564,"pid":20588,"hostname":"SOPINV-330","msg":"Method & route GET /json not implemented"}
{"level":40,"time":1677798520581,"pid":20588,"hostname":"SOPINV-330","msg":"Method & route GET /json/version not implemented"}
{"level":40,"time":1677798520584,"pid":20588,"hostname":"SOPINV-330","msg":"Method & route GET /json not implemented"}
{"level":40,"time":1677798521594,"pid":20588,"hostname":"SOPINV-330","msg":"Method & route GET /json/version not implemented"}
{"level":40,"time":1677798521597,"pid":20588,"hostname":"SOPINV-330","msg":"Method & route GET /json not implemented"}
{"level":40,"time":1677798521801,"pid":20588,"hostname":"SOPINV-330","msg":"Method & route GET /json/version not implemented"}
{"level":40,"time":1677798521808,"pid":20588,"hostname":"SOPINV-330","msg":"Method & route GET /json not implemented"}
{"level":40,"time":1677798522607,"pid":20588,"hostname":"SOPINV-330","msg":"Method & route GET /json/version not implemented"}
{"level":40,"time":1677798522612,"pid":20588,"hostname":"SOPINV-330","msg":"Method & route GET /json not implemented"}
{"level":40,"time":1677798523630,"pid":20588,"hostname":"SOPINV-330","msg":"Method & route GET /json/version not implemented"}
{"level":40,"time":1677798523633,"pid":20588,"hostname":"SOPINV-330","msg":"Method & route GET /json not implemented"}
{"level":40,"time":1677798524644,"pid":20588,"hostname":"SOPINV-330","msg":"Method & route GET /json/version not implemented"}
{"level":40,"time":1677798524650,"pid":20588,"hostname":"SOPINV-330","msg":"Method & route GET /json not implemented"}
{"level":40,"time":1677798524858,"pid":20588,"hostname":"SOPINV-330","msg":"Method & route GET /json/version not implemented"}
{"level":40,"time":1677798524862,"pid":20588,"hostname":"SOPINV-330","msg":"Method & route GET /json not implemented"}
{"level":40,"time":1677798525664,"pid":20588,"hostname":"SOPINV-330","msg":"Method & route GET /json/version not implemented"}
{"level":40,"time":1677798525669,"pid":20588,"hostname":"SOPINV-330","msg":"Method & route GET /json not implemented"}
{"level":40,"time":1677798526675,"pid":20588,"hostname":"SOPINV-330","msg":"Method & route GET /json/version not implemented"}
{"level":40,"time":1677798526698,"pid":20588,"hostname":"SOPINV-330","msg":"Method & route GET /json not implemented"}
{"level":40,"time":1677798527704,"pid":20588,"hostname":"SOPINV-330","msg":"Method & route GET /json/version not implemented"}
{"level":40,"time":1677798527709,"pid":20588,"hostname":"SOPINV-330","msg":"Method & route GET /json not implemented"}
{"level":40,"time":1677798527897,"pid":20588,"hostname":"SOPINV-330","msg":"Method & route GET /json/version not implemented"}
{"level":40,"time":1677798527900,"pid":20588,"hostname":"SOPINV-330","msg":"Method & route GET /json not implemented"}
{"level":40,"time":1677798528728,"pid":20588,"hostname":"SOPINV-330","msg":"Method & route GET /json/version not implemented"}
{"level":40,"time":1677798528730,"pid":20588,"hostname":"SOPINV-330","msg":"Method & route GET /json not implemented"}
{"level":40,"time":1677798529744,"pid":20588,"hostname":"SOPINV-330","msg":"Method & route GET /json/version not implemented"}
{"level":40,"time":1677798529747,"pid":20588,"hostname":"SOPINV-330","msg":"Method & route GET /json not implemented"}
{"level":40,"time":1677798530766,"pid":20588,"hostname":"SOPINV-330","msg":"Method & route GET /json/version not implemented"}
{"level":40,"time":1677798530773,"pid":20588,"hostname":"SOPINV-330","msg":"Method & route GET /json not implemented"}
{"level":40,"time":1677798530947,"pid":20588,"hostname":"SOPINV-330","msg":"Method & route GET /json/version not implemented"}
{"level":40,"time":1677798530951,"pid":20588,"hostname":"SOPINV-330","msg":"Method & route GET /json not implemented"}
{"level":40,"time":1677798531793,"pid":20588,"hostname":"SOPINV-330","msg":"Method & route GET /json/version not implemented"}
{"level":40,"time":1677798531796,"pid":20588,"hostname":"SOPINV-330","msg":"Method & route GET /json not implemented"}
{"level":40,"time":1677798532814,"pid":20588,"hostname":"SOPINV-330","msg":"Method & route GET /json/version not implemented"}
{"level":40,"time":1677798532825,"pid":20588,"hostname":"SOPINV-330","msg":"Method & route GET /json not implemented"}
{"level":40,"time":1677798533835,"pid":20588,"hostname":"SOPINV-330","msg":"Method & route GET /json/version not implemented"}
{"level":40,"time":1677798533838,"pid":20588,"hostname":"SOPINV-330","msg":"Method & route GET /json not implemented"}
{"level":40,"time":1677798533992,"pid":20588,"hostname":"SOPINV-330","msg":"Method & route GET /json/version not implemented"}
{"level":40,"time":1677798533995,"pid":20588,"hostname":"SOPINV-330","msg":"Method & route GET /json not implemented"}
{"level":40,"time":1677798534844,"pid":20588,"hostname":"SOPINV-330","msg":"Method & route GET /json/version not implemented"}
{"level":40,"time":1677798534847,"pid":20588,"hostname":"SOPINV-330","msg":"Method & route GET /json not implemented"}
{"level":40,"time":1677798535861,"pid":20588,"hostname":"SOPINV-330","msg":"Method & route GET /json/version not implemented"}
{"level":40,"time":1677798535864,"pid":20588,"hostname":"SOPINV-330","msg":"Method & route GET /json not implemented"}
{"level":40,"time":1677798536870,"pid":20588,"hostname":"SOPINV-330","msg":"Method & route GET /json/version not implemented"}
{"level":40,"time":1677798536872,"pid":20588,"hostname":"SOPINV-330","msg":"Method & route GET /json not implemented"}
{"level":40,"time":1677798537053,"pid":20588,"hostname":"SOPINV-330","msg":"Method & route GET /json/version not implemented"}
{"level":40,"time":1677798537059,"pid":20588,"hostname":"SOPINV-330","msg":"Method & route GET /json not implemented"}
{"level":40,"time":1677798537879,"pid":20588,"hostname":"SOPINV-330","msg":"Method & route GET /json/version not implemented"}
{"level":40,"time":1677798537882,"pid":20588,"hostname":"SOPINV-330","msg":"Method & route GET /json not implemented"}
{"level":40,"time":1677798538887,"pid":20588,"hostname":"SOPINV-330","msg":"Method & route GET /json/version not implemented"}
{"level":40,"time":1677798538891,"pid":20588,"hostname":"SOPINV-330","msg":"Method & route GET /json not implemented"}
{"level":40,"time":1677798539905,"pid":20588,"hostname":"SOPINV-330","msg":"Method & route GET /json/version not implemented"}
{"level":40,"time":1677798539908,"pid":20588,"hostname":"SOPINV-330","msg":"Method & route GET /json not implemented"}
{"level":40,"time":1677798540098,"pid":20588,"hostname":"SOPINV-330","msg":"Method & route GET /json/version not implemented"}
{"level":40,"time":1677798540103,"pid":20588,"hostname":"SOPINV-330","msg":"Method & route GET /json not implemented"}
{"level":40,"time":1677798540928,"pid":20588,"hostname":"SOPINV-330","msg":"Method & route GET /json/version not implemented"}
{"level":40,"time":1677798540932,"pid":20588,"hostname":"SOPINV-330","msg":"Method & route GET /json not implemented"}
{"level":40,"time":1677798541938,"pid":20588,"hostname":"SOPINV-330","msg":"Method & route GET /json/version not implemented"}
{"level":40,"time":1677798541941,"pid":20588,"hostname":"SOPINV-330","msg":"Method & route GET /json not implemented"}
{"level":40,"time":1677798542948,"pid":20588,"hostname":"SOPINV-330","msg":"Method & route GET /json/version not implemented"}
{"level":40,"time":1677798542952,"pid":20588,"hostname":"SOPINV-330","msg":"Method & route GET /json not implemented"}
{"level":40,"time":1677798543162,"pid":20588,"hostname":"SOPINV-330","msg":"Method & route GET /json/version not implemented"}
{"level":40,"time":1677798543171,"pid":20588,"hostname":"SOPINV-330","msg":"Method & route GET /json not implemented"}
{"level":40,"time":1677798543967,"pid":20588,"hostname":"SOPINV-330","msg":"Method & route GET /json/version not implemented"}
{"level":40,"time":1677798543970,"pid":20588,"hostname":"SOPINV-330","msg":"Method & route GET /json not implemented"}
{"level":40,"time":1677798544980,"pid":20588,"hostname":"SOPINV-330","msg":"Method & route GET /json/version not implemented"}
{"level":40,"time":1677798544985,"pid":20588,"hostname":"SOPINV-330","msg":"Method & route GET /json not implemented"}
{"level":40,"time":1677798545997,"pid":20588,"hostname":"SOPINV-330","msg":"Method & route GET /json/version not implemented"}
{"level":40,"time":1677798546000,"pid":20588,"hostname":"SOPINV-330","msg":"Method & route GET /json not implemented"}
{"level":40,"time":1677798546208,"pid":20588,"hostname":"SOPINV-330","msg":"Method & route GET /json/version not implemented"}
{"level":40,"time":1677798546215,"pid":20588,"hostname":"SOPINV-330","msg":"Method & route GET /json not implemented"}
{"level":40,"time":1677798547010,"pid":20588,"hostname":"SOPINV-330","msg":"Method & route GET /json/version not implemented"}
{"level":40,"time":1677798547013,"pid":20588,"hostname":"SOPINV-330","msg":"Method & route GET /json not implemented"}
{"level":40,"time":1677798548029,"pid":20588,"hostname":"SOPINV-330","msg":"Method & route GET /json/version not implemented"}
{"level":40,"time":1677798548032,"pid":20588,"hostname":"SOPINV-330","msg":"Method & route GET /json not implemented"}
{"level":40,"time":1677798549038,"pid":20588,"hostname":"SOPINV-330","msg":"Method & route GET /json/version not implemented"}
{"level":40,"time":1677798549041,"pid":20588,"hostname":"SOPINV-330","msg":"Method & route GET /json not implemented"}
{"level":40,"time":1677798549258,"pid":20588,"hostname":"SOPINV-330","msg":"Method & route GET /json/version not implemented"}
{"level":40,"time":1677798549262,"pid":20588,"hostname":"SOPINV-330","msg":"Method & route GET /json not implemented"}
{"level":40,"time":1677798550053,"pid":20588,"hostname":"SOPINV-330","msg":"Method & route GET /json/version not implemented"}
{"level":40,"time":1677798550056,"pid":20588,"hostname":"SOPINV-330","msg":"Method & route GET /json not implemented"}
{"level":40,"time":1677798551065,"pid":20588,"hostname":"SOPINV-330","msg":"Method & route GET /json/version not implemented"}
{"level":40,"time":1677798551069,"pid":20588,"hostname":"SOPINV-330","msg":"Method & route GET /json not implemented"}
{"level":40,"time":1677798552079,"pid":20588,"hostname":"SOPINV-330","msg":"Method & route GET /json/version not implemented"}
{"level":40,"time":1677798552088,"pid":20588,"hostname":"SOPINV-330","msg":"Method & route GET /json not implemented"}
{"level":40,"time":1677798552300,"pid":20588,"hostname":"SOPINV-330","msg":"Method & route GET /json/version not implemented"}
{"level":40,"time":1677798552303,"pid":20588,"hostname":"SOPINV-330","msg":"Method & route GET /json not implemented"}
{"level":40,"time":1677798553098,"pid":20588,"hostname":"SOPINV-330","msg":"Method & route GET /json/version not implemented"}
{"level":40,"time":1677798553102,"pid":20588,"hostname":"SOPINV-330","msg":"Method & route GET /json not implemented"}
{"level":40,"time":1677798554109,"pid":20588,"hostname":"SOPINV-330","msg":"Method & route GET /json/version not implemented"}
{"level":40,"time":1677798554116,"pid":20588,"hostname":"SOPINV-330","msg":"Method & route GET /json not implemented"}
{"level":40,"time":1677798555125,"pid":20588,"hostname":"SOPINV-330","msg":"Method & route GET /json/version not implemented"}
{"level":40,"time":1677798555127,"pid":20588,"hostname":"SOPINV-330","msg":"Method & route GET /json not implemented"}
{"level":40,"time":1677798555346,"pid":20588,"hostname":"SOPINV-330","msg":"Method & route GET /json/version not implemented"}
{"level":40,"time":1677798555349,"pid":20588,"hostname":"SOPINV-330","msg":"Method & route GET /json not implemented"}
{"level":40,"time":1677798556139,"pid":20588,"hostname":"SOPINV-330","msg":"Method & route GET /json/version not implemented"}
{"level":40,"time":1677798556141,"pid":20588,"hostname":"SOPINV-330","msg":"Method & route GET /json not implemented"}
{"level":40,"time":1677798557154,"pid":20588,"hostname":"SOPINV-330","msg":"Method & route GET /json/version not implemented"}
{"level":40,"time":1677798557156,"pid":20588,"hostname":"SOPINV-330","msg":"Method & route GET /json not implemented"}
{"level":40,"time":1677798558167,"pid":20588,"hostname":"SOPINV-330","msg":"Method & route GET /json/version not implemented"}
{"level":40,"time":1677798558171,"pid":20588,"hostname":"SOPINV-330","msg":"Method & route GET /json not implemented"}
{"level":40,"time":1677798558385,"pid":20588,"hostname":"SOPINV-330","msg":"Method & route GET /json/version not implemented"}
{"level":40,"time":1677798558388,"pid":20588,"hostname":"SOPINV-330","msg":"Method & route GET /json not implemented"}
{"level":40,"time":1677798559184,"pid":20588,"hostname":"SOPINV-330","msg":"Method & route GET /json/version not implemented"}
{"level":40,"time":1677798559187,"pid":20588,"hostname":"SOPINV-330","msg":"Method & route GET /json not implemented"}
{"level":40,"time":1677798560198,"pid":20588,"hostname":"SOPINV-330","msg":"Method & route GET /json/version not implemented"}
{"level":40,"time":1677798560201,"pid":20588,"hostname":"SOPINV-330","msg":"Method & route GET /json not implemented"}
{"level":40,"time":1677798561220,"pid":20588,"hostname":"SOPINV-330","msg":"Method & route GET /json/version not implemented"}
{"level":40,"time":1677798561222,"pid":20588,"hostname":"SOPINV-330","msg":"Method & route GET /json not implemented"}
{"level":40,"time":1677798561411,"pid":20588,"hostname":"SOPINV-330","msg":"Method & route GET /json/version not implemented"}
{"level":40,"time":1677798561414,"pid":20588,"hostname":"SOPINV-330","msg":"Method & route GET /json not implemented"}
{"level":40,"time":1677798562242,"pid":20588,"hostname":"SOPINV-330","msg":"Method & route GET /json/version not implemented"}
{"level":40,"time":1677798562248,"pid":20588,"hostname":"SOPINV-330","msg":"Method & route GET /json not implemented"}
{"level":40,"time":1677798563257,"pid":20588,"hostname":"SOPINV-330","msg":"Method & route GET /json/version not implemented"}
{"level":40,"time":1677798563259,"pid":20588,"hostname":"SOPINV-330","msg":"Method & route GET /json not implemented"}
{"level":40,"time":1677798564277,"pid":20588,"hostname":"SOPINV-330","msg":"Method & route GET /json/version not implemented"}
{"level":40,"time":1677798564280,"pid":20588,"hostname":"SOPINV-330","msg":"Method & route GET /json not implemented"}
{"level":40,"time":1677798564484,"pid":20588,"hostname":"SOPINV-330","msg":"Method & route GET /json/version not implemented"}
{"level":40,"time":1677798564489,"pid":20588,"hostname":"SOPINV-330","msg":"Method & route GET /json not implemented"}
{"level":40,"time":1677798565300,"pid":20588,"hostname":"SOPINV-330","msg":"Method & route GET /json/version not implemented"}
{"level":40,"time":1677798565305,"pid":20588,"hostname":"SOPINV-330","msg":"Method & route GET /json not implemented"}
{"level":40,"time":1677798566316,"pid":20588,"hostname":"SOPINV-330","msg":"Method & route GET /json/version not implemented"}
{"level":40,"time":1677798566323,"pid":20588,"hostname":"SOPINV-330","msg":"Method & route GET /json not implemented"}
{"level":40,"time":1677798567344,"pid":20588,"hostname":"SOPINV-330","msg":"Method & route GET /json/version not implemented"}
{"level":40,"time":1677798567348,"pid":20588,"hostname":"SOPINV-330","msg":"Method & route GET /json not implemented"}
{"level":40,"time":1677798567542,"pid":20588,"hostname":"SOPINV-330","msg":"Method & route GET /json/version not implemented"}
{"level":40,"time":1677798567546,"pid":20588,"hostname":"SOPINV-330","msg":"Method & route GET /json not implemented"}
{"level":40,"time":1677798568358,"pid":20588,"hostname":"SOPINV-330","msg":"Method & route GET /json/version not implemented"}
{"level":40,"time":1677798568363,"pid":20588,"hostname":"SOPINV-330","msg":"Method & route GET /json not implemented"}
{"level":40,"time":1677798569388,"pid":20588,"hostname":"SOPINV-330","msg":"Method & route GET /json/version not implemented"}
{"level":40,"time":1677798569391,"pid":20588,"hostname":"SOPINV-330","msg":"Method & route GET /json not implemented"}
{"level":40,"time":1677798570411,"pid":20588,"hostname":"SOPINV-330","msg":"Method & route GET /json/version not implemented"}
{"level":40,"time":1677798570414,"pid":20588,"hostname":"SOPINV-330","msg":"Method & route GET /json not implemented"}
{"level":40,"time":1677798570594,"pid":20588,"hostname":"SOPINV-330","msg":"Method & route GET /json/version not implemented"}
{"level":40,"time":1677798570597,"pid":20588,"hostname":"SOPINV-330","msg":"Method & route GET /json not implemented"}
{"level":40,"time":1677798571424,"pid":20588,"hostname":"SOPINV-330","msg":"Method & route GET /json/version not implemented"}
{"level":40,"time":1677798571429,"pid":20588,"hostname":"SOPINV-330","msg":"Method & route GET /json not implemented"}
{"level":40,"time":1677798572442,"pid":20588,"hostname":"SOPINV-330","msg":"Method & route GET /json/version not implemented"}
{"level":40,"time":1677798572445,"pid":20588,"hostname":"SOPINV-330","msg":"Method & route GET /json not implemented"}
{"level":40,"time":1677798573454,"pid":20588,"hostname":"SOPINV-330","msg":"Method & route GET /json/version not implemented"}
{"level":40,"time":1677798573457,"pid":20588,"hostname":"SOPINV-330","msg":"Method & route GET /json not implemented"}
{"level":40,"time":1677798573656,"pid":20588,"hostname":"SOPINV-330","msg":"Method & route GET /json/version not implemented"}
{"level":40,"time":1677798573661,"pid":20588,"hostname":"SOPINV-330","msg":"Method & route GET /json not implemented"}
{"level":40,"time":1677798574466,"pid":20588,"hostname":"SOPINV-330","msg":"Method & route GET /json/version not implemented"}
{"level":40,"time":1677798574469,"pid":20588,"hostname":"SOPINV-330","msg":"Method & route GET /json not implemented"}
{"level":40,"time":1677798575486,"pid":20588,"hostname":"SOPINV-330","msg":"Method & route GET /json/version not implemented"}
{"level":40,"time":1677798575490,"pid":20588,"hostname":"SOPINV-330","msg":"Method & route GET /json not implemented"}
{"level":40,"time":1677798576506,"pid":20588,"hostname":"SOPINV-330","msg":"Method & route GET /json/version not implemented"}
{"level":40,"time":1677798576510,"pid":20588,"hostname":"SOPINV-330","msg":"Method & route GET /json not implemented"}
{"level":40,"time":1677798576694,"pid":20588,"hostname":"SOPINV-330","msg":"Method & route GET /json/version not implemented"}
{"level":40,"time":1677798576697,"pid":20588,"hostname":"SOPINV-330","msg":"Method & route GET /json not implemented"}
{"level":40,"time":1677798577530,"pid":20588,"hostname":"SOPINV-330","msg":"Method & route GET /json/version not implemented"}
{"level":40,"time":1677798577536,"pid":20588,"hostname":"SOPINV-330","msg":"Method & route GET /json not implemented"}
{"level":40,"time":1677798578540,"pid":20588,"hostname":"SOPINV-330","msg":"Method & route GET /json/version not implemented"}
{"level":40,"time":1677798578543,"pid":20588,"hostname":"SOPINV-330","msg":"Method & route GET /json not implemented"}
{"level":40,"time":1677798579565,"pid":20588,"hostname":"SOPINV-330","msg":"Method & route GET /json/version not implemented"}
{"level":40,"time":1677798579569,"pid":20588,"hostname":"SOPINV-330","msg":"Method & route GET /json not implemented"}
{"level":40,"time":1677798579750,"pid":20588,"hostname":"SOPINV-330","msg":"Method & route GET /json/version not implemented"}
{"level":40,"time":1677798579753,"pid":20588,"hostname":"SOPINV-330","msg":"Method & route GET /json not implemented"}
{"level":40,"time":1677798580576,"pid":20588,"hostname":"SOPINV-330","msg":"Method & route GET /json/version not implemented"}
{"level":40,"time":1677798580579,"pid":20588,"hostname":"SOPINV-330","msg":"Method & route GET /json not implemented"}
{"level":40,"time":1677798581589,"pid":20588,"hostname":"SOPINV-330","msg":"Method & route GET /json/version not implemented"}
{"level":40,"time":1677798581594,"pid":20588,"hostname":"SOPINV-330","msg":"Method & route GET /json not implemented"}
{"level":40,"time":1677798582610,"pid":20588,"hostname":"SOPINV-330","msg":"Method & route GET /json/version not implemented"}
{"level":40,"time":1677798582616,"pid":20588,"hostname":"SOPINV-330","msg":"Method & route GET /json not implemented"}
{"level":40,"time":1677798582795,"pid":20588,"hostname":"SOPINV-330","msg":"Method & route GET /json/version not implemented"}
{"level":40,"time":1677798582797,"pid":20588,"hostname":"SOPINV-330","msg":"Method & route GET /json not implemented"}
{"level":40,"time":1677798583621,"pid":20588,"hostname":"SOPINV-330","msg":"Method & route GET /json/version not implemented"}
{"level":40,"time":1677798583624,"pid":20588,"hostname":"SOPINV-330","msg":"Method & route GET /json not implemented"}
{"level":40,"time":1677798584636,"pid":20588,"hostname":"SOPINV-330","msg":"Method & route GET /json/version not implemented"}
{"level":40,"time":1677798584639,"pid":20588,"hostname":"SOPINV-330","msg":"Method & route GET /json not implemented"}
{"level":40,"time":1677798585657,"pid":20588,"hostname":"SOPINV-330","msg":"Method & route GET /json/version not implemented"}
{"level":40,"time":1677798585661,"pid":20588,"hostname":"SOPINV-330","msg":"Method & route GET /json not implemented"}
{"level":40,"time":1677798585827,"pid":20588,"hostname":"SOPINV-330","msg":"Method & route GET /json/version not implemented"}
{"level":40,"time":1677798585830,"pid":20588,"hostname":"SOPINV-330","msg":"Method & route GET /json not implemented"}
{"level":40,"time":1677798586670,"pid":20588,"hostname":"SOPINV-330","msg":"Method & route GET /json/version not implemented"}
{"level":40,"time":1677798586674,"pid":20588,"hostname":"SOPINV-330","msg":"Method & route GET /json not implemented"}
{"level":40,"time":1677798588879,"pid":20588,"hostname":"SOPINV-330","msg":"Method & route GET /json/version not implemented"}
{"level":40,"time":1677798588882,"pid":20588,"hostname":"SOPINV-330","msg":"Method & route GET /json not implemented"}
{"level":40,"time":1677798591918,"pid":20588,"hostname":"SOPINV-330","msg":"Method & route GET /json/version not implemented"}
{"level":40,"time":1677798591921,"pid":20588,"hostname":"SOPINV-330","msg":"Method & route GET /json not implemented"}
{"level":40,"time":1677798594974,"pid":20588,"hostname":"SOPINV-330","msg":"Method & route GET /json/version not implemented"}
{"level":40,"time":1677798594977,"pid":20588,"hostname":"SOPINV-330","msg":"Method & route GET /json not implemented"}
{"level":40,"time":1677798597996,"pid":20588,"hostname":"SOPINV-330","msg":"Method & route GET /json/version not implemented"}
{"level":40,"time":1677798597999,"pid":20588,"hostname":"SOPINV-330","msg":"Method & route GET /json not implemented"}
{"level":40,"time":1677798601048,"pid":20588,"hostname":"SOPINV-330","msg":"Method & route GET /json/version not implemented"}
{"level":40,"time":1677798601053,"pid":20588,"hostname":"SOPINV-330","msg":"Method & route GET /json not implemented"}
{"level":40,"time":1677798604092,"pid":20588,"hostname":"SOPINV-330","msg":"Method & route GET /json/version not implemented"}
{"level":40,"time":1677798604096,"pid":20588,"hostname":"SOPINV-330","msg":"Method & route GET /json not implemented"}
{"level":40,"time":1677798786828,"pid":20588,"hostname":"SOPINV-330","msg":"Method & route GET /json/version not implemented"}
{"level":40,"time":1677798786832,"pid":20588,"hostname":"SOPINV-330","msg":"Method & route GET /json not implemented"}
{"level":40,"time":1677798787100,"pid":20588,"hostname":"SOPINV-330","msg":"Method & route GET /json/version not implemented"}
{"level":40,"time":1677798787103,"pid":20588,"hostname":"SOPINV-330","msg":"Method & route GET /json not implemented"}
{"level":40,"time":1677798788122,"pid":20588,"hostname":"SOPINV-330","msg":"Method & route GET /json/version not implemented"}
{"level":40,"time":1677798788127,"pid":20588,"hostname":"SOPINV-330","msg":"Method & route GET /json not implemented"}
{"level":40,"time":1677798789139,"pid":20588,"hostname":"SOPINV-330","msg":"Method & route GET /json/version not implemented"}
{"level":40,"time":1677798789155,"pid":20588,"hostname":"SOPINV-330","msg":"Method & route GET /json not implemented"}
{"level":40,"time":1677798789846,"pid":20588,"hostname":"SOPINV-330","msg":"Method & route GET /json/version not implemented"}
{"level":40,"time":1677798789848,"pid":20588,"hostname":"SOPINV-330","msg":"Method & route GET /json not implemented"}
{"level":40,"time":1677798790176,"pid":20588,"hostname":"SOPINV-330","msg":"Method & route GET /json/version not implemented"}
{"level":40,"time":1677798790179,"pid":20588,"hostname":"SOPINV-330","msg":"Method & route GET /json not implemented"}
{"level":40,"time":1677798791184,"pid":20588,"hostname":"SOPINV-330","msg":"Method & route GET /json/version not implemented"}
{"level":40,"time":1677798791188,"pid":20588,"hostname":"SOPINV-330","msg":"Method & route GET /json not implemented"}
{"level":40,"time":1677798792196,"pid":20588,"hostname":"SOPINV-330","msg":"Method & route GET /json/version not implemented"}
{"level":40,"time":1677798792199,"pid":20588,"hostname":"SOPINV-330","msg":"Method & route GET /json not implemented"}
{"level":40,"time":1677798792872,"pid":20588,"hostname":"SOPINV-330","msg":"Method & route GET /json/version not implemented"}
{"level":40,"time":1677798792877,"pid":20588,"hostname":"SOPINV-330","msg":"Method & route GET /json not implemented"}
{"level":40,"time":1677798793207,"pid":20588,"hostname":"SOPINV-330","msg":"Method & route GET /json/version not implemented"}
{"level":40,"time":1677798793210,"pid":20588,"hostname":"SOPINV-330","msg":"Method & route GET /json not implemented"}
{"level":40,"time":1677798794217,"pid":20588,"hostname":"SOPINV-330","msg":"Method & route GET /json/version not implemented"}
{"level":40,"time":1677798794220,"pid":20588,"hostname":"SOPINV-330","msg":"Method & route GET /json not implemented"}
{"level":40,"time":1677798795225,"pid":20588,"hostname":"SOPINV-330","msg":"Method & route GET /json/version not implemented"}
{"level":40,"time":1677798795229,"pid":20588,"hostname":"SOPINV-330","msg":"Method & route GET /json not implemented"}
{"level":40,"time":1677798795904,"pid":20588,"hostname":"SOPINV-330","msg":"Method & route GET /json/version not implemented"}
{"level":40,"time":1677798795906,"pid":20588,"hostname":"SOPINV-330","msg":"Method & route GET /json not implemented"}
{"level":40,"time":1677798796249,"pid":20588,"hostname":"SOPINV-330","msg":"Method & route GET /json/version not implemented"}
{"level":40,"time":1677798796252,"pid":20588,"hostname":"SOPINV-330","msg":"Method & route GET /json not implemented"}
{"level":40,"time":1677798797270,"pid":20588,"hostname":"SOPINV-330","msg":"Method & route GET /json/version not implemented"}
{"level":40,"time":1677798797274,"pid":20588,"hostname":"SOPINV-330","msg":"Method & route GET /json not implemented"}
{"level":40,"time":1677798798285,"pid":20588,"hostname":"SOPINV-330","msg":"Method & route GET /json/version not implemented"}
{"level":40,"time":1677798798291,"pid":20588,"hostname":"SOPINV-330","msg":"Method & route GET /json not implemented"}
{"level":40,"time":1677798798943,"pid":20588,"hostname":"SOPINV-330","msg":"Method & route GET /json/version not implemented"}
{"level":40,"time":1677798798946,"pid":20588,"hostname":"SOPINV-330","msg":"Method & route GET /json not implemented"}
{"level":40,"time":1677798799306,"pid":20588,"hostname":"SOPINV-330","msg":"Method & route GET /json/version not implemented"}
{"level":40,"time":1677798799309,"pid":20588,"hostname":"SOPINV-330","msg":"Method & route GET /json not implemented"}
{"level":40,"time":1677798800323,"pid":20588,"hostname":"SOPINV-330","msg":"Method & route GET /json/version not implemented"}
{"level":40,"time":1677798800327,"pid":20588,"hostname":"SOPINV-330","msg":"Method & route GET /json not implemented"}
{"level":40,"time":1677798801336,"pid":20588,"hostname":"SOPINV-330","msg":"Method & route GET /json/version not implemented"}
{"level":40,"time":1677798801340,"pid":20588,"hostname":"SOPINV-330","msg":"Method & route GET /json not implemented"}
{"level":40,"time":1677798801986,"pid":20588,"hostname":"SOPINV-330","msg":"Method & route GET /json/version not implemented"}
{"level":40,"time":1677798801994,"pid":20588,"hostname":"SOPINV-330","msg":"Method & route GET /json not implemented"}
{"level":40,"time":1677798802356,"pid":20588,"hostname":"SOPINV-330","msg":"Method & route GET /json/version not implemented"}
{"level":40,"time":1677798802360,"pid":20588,"hostname":"SOPINV-330","msg":"Method & route GET /json not implemented"}
{"level":40,"time":1677798803366,"pid":20588,"hostname":"SOPINV-330","msg":"Method & route GET /json/version not implemented"}
{"level":40,"time":1677798803370,"pid":20588,"hostname":"SOPINV-330","msg":"Method & route GET /json not implemented"}
{"level":40,"time":1677798804387,"pid":20588,"hostname":"SOPINV-330","msg":"Method & route GET /json/version not implemented"}
{"level":40,"time":1677798804392,"pid":20588,"hostname":"SOPINV-330","msg":"Method & route GET /json not implemented"}
{"level":40,"time":1677798805058,"pid":20588,"hostname":"SOPINV-330","msg":"Method & route GET /json/version not implemented"}
{"level":40,"time":1677798805063,"pid":20588,"hostname":"SOPINV-330","msg":"Method & route GET /json not implemented"}
{"level":40,"time":1677798805404,"pid":20588,"hostname":"SOPINV-330","msg":"Method & route GET /json/version not implemented"}
{"level":40,"time":1677798805408,"pid":20588,"hostname":"SOPINV-330","msg":"Method & route GET /json not implemented"}
{"level":40,"time":1677798806425,"pid":20588,"hostname":"SOPINV-330","msg":"Method & route GET /json/version not implemented"}
{"level":40,"time":1677798806429,"pid":20588,"hostname":"SOPINV-330","msg":"Method & route GET /json not implemented"}
{"level":40,"time":1677798807446,"pid":20588,"hostname":"SOPINV-330","msg":"Method & route GET /json/version not implemented"}
{"level":40,"time":1677798807451,"pid":20588,"hostname":"SOPINV-330","msg":"Method & route GET /json not implemented"}
{"level":40,"time":1677798808131,"pid":20588,"hostname":"SOPINV-330","msg":"Method & route GET /json/version not implemented"}
{"level":40,"time":1677798808136,"pid":20588,"hostname":"SOPINV-330","msg":"Method & route GET /json not implemented"}
{"level":40,"time":1677798808459,"pid":20588,"hostname":"SOPINV-330","msg":"Method & route GET /json/version not implemented"}
{"level":40,"time":1677798808463,"pid":20588,"hostname":"SOPINV-330","msg":"Method & route GET /json not implemented"}
{"level":40,"time":1677798809472,"pid":20588,"hostname":"SOPINV-330","msg":"Method & route GET /json/version not implemented"}
{"level":40,"time":1677798809475,"pid":20588,"hostname":"SOPINV-330","msg":"Method & route GET /json not implemented"}
{"level":40,"time":1677798810487,"pid":20588,"hostname":"SOPINV-330","msg":"Method & route GET /json/version not implemented"}
{"level":40,"time":1677798810491,"pid":20588,"hostname":"SOPINV-330","msg":"Method & route GET /json not implemented"}
{"level":40,"time":1677798811158,"pid":20588,"hostname":"SOPINV-330","msg":"Method & route GET /json/version not implemented"}
{"level":40,"time":1677798811161,"pid":20588,"hostname":"SOPINV-330","msg":"Method & route GET /json not implemented"}
{"level":40,"time":1677798811503,"pid":20588,"hostname":"SOPINV-330","msg":"Method & route GET /json/version not implemented"}
{"level":40,"time":1677798811506,"pid":20588,"hostname":"SOPINV-330","msg":"Method & route GET /json not implemented"}
{"level":40,"time":1677798812526,"pid":20588,"hostname":"SOPINV-330","msg":"Method & route GET /json/version not implemented"}
{"level":40,"time":1677798812534,"pid":20588,"hostname":"SOPINV-330","msg":"Method & route GET /json not implemented"}
{"level":40,"time":1677798813550,"pid":20588,"hostname":"SOPINV-330","msg":"Method & route GET /json/version not implemented"}
{"level":40,"time":1677798813556,"pid":20588,"hostname":"SOPINV-330","msg":"Method & route GET /json not implemented"}
{"level":40,"time":1677798814218,"pid":20588,"hostname":"SOPINV-330","msg":"Method & route GET /json/version not implemented"}
{"level":40,"time":1677798814224,"pid":20588,"hostname":"SOPINV-330","msg":"Method & route GET /json not implemented"}
{"level":40,"time":1677798814563,"pid":20588,"hostname":"SOPINV-330","msg":"Method & route GET /json/version not implemented"}
{"level":40,"time":1677798814569,"pid":20588,"hostname":"SOPINV-330","msg":"Method & route GET /json not implemented"}
{"level":40,"time":1677798815577,"pid":20588,"hostname":"SOPINV-330","msg":"Method & route GET /json/version not implemented"}
{"level":40,"time":1677798815580,"pid":20588,"hostname":"SOPINV-330","msg":"Method & route GET /json not implemented"}
{"level":40,"time":1677798816592,"pid":20588,"hostname":"SOPINV-330","msg":"Method & route GET /json/version not implemented"}
{"level":40,"time":1677798816597,"pid":20588,"hostname":"SOPINV-330","msg":"Method & route GET /json not implemented"}
{"level":40,"time":1677798817292,"pid":20588,"hostname":"SOPINV-330","msg":"Method & route GET /json/version not implemented"}
{"level":40,"time":1677798817297,"pid":20588,"hostname":"SOPINV-330","msg":"Method & route GET /json not implemented"}
{"level":40,"time":1677798817606,"pid":20588,"hostname":"SOPINV-330","msg":"Method & route GET /json/version not implemented"}
{"level":40,"time":1677798817608,"pid":20588,"hostname":"SOPINV-330","msg":"Method & route GET /json not implemented"}
{"level":40,"time":1677798818624,"pid":20588,"hostname":"SOPINV-330","msg":"Method & route GET /json/version not implemented"}
{"level":40,"time":1677798818627,"pid":20588,"hostname":"SOPINV-330","msg":"Method & route GET /json not implemented"}
{"level":40,"time":1677798819635,"pid":20588,"hostname":"SOPINV-330","msg":"Method & route GET /json/version not implemented"}
{"level":40,"time":1677798819638,"pid":20588,"hostname":"SOPINV-330","msg":"Method & route GET /json not implemented"}
{"level":40,"time":1677798820323,"pid":20588,"hostname":"SOPINV-330","msg":"Method & route GET /json/version not implemented"}
{"level":40,"time":1677798820327,"pid":20588,"hostname":"SOPINV-330","msg":"Method & route GET /json not implemented"}
{"level":40,"time":1677798820657,"pid":20588,"hostname":"SOPINV-330","msg":"Method & route GET /json/version not implemented"}
{"level":40,"time":1677798820661,"pid":20588,"hostname":"SOPINV-330","msg":"Method & route GET /json not implemented"}
{"level":40,"time":1677798821666,"pid":20588,"hostname":"SOPINV-330","msg":"Method & route GET /json/version not implemented"}
{"level":40,"time":1677798821669,"pid":20588,"hostname":"SOPINV-330","msg":"Method & route GET /json not implemented"}
{"level":40,"time":1677798822674,"pid":20588,"hostname":"SOPINV-330","msg":"Method & route GET /json/version not implemented"}
{"level":40,"time":1677798822677,"pid":20588,"hostname":"SOPINV-330","msg":"Method & route GET /json not implemented"}
{"level":40,"time":1677798823374,"pid":20588,"hostname":"SOPINV-330","msg":"Method & route GET /json/version not implemented"}
{"level":40,"time":1677798823379,"pid":20588,"hostname":"SOPINV-330","msg":"Method & route GET /json not implemented"}
{"level":40,"time":1677801073587,"pid":21604,"hostname":"SOPINV-330","msg":"Method & route GET /favicon.ico not implemented"}
